[2024-12-12 10:44:15] local.ERROR: Undefined offset: 3 {"exception":"[object] (ErrorException(code: 0): Undefined offset: 3 at /var/www/html/layout_migration/albayan_migration/Themes/bayan/controllers/BayanController.php:132)
[stacktrace]
#0 /var/www/html/layout_migration/albayan_migration/Themes/bayan/controllers/BayanController.php(132): Illuminate\\Foundation\\Bootstrap\\HandleExceptions->handleError(8, 'Undefined offse...', '/var/www/html/l...', 132, Array)
#1 /var/www/html/layout_migration/albayan_migration/Themes/bayan/theme_commands/insertApiArticles.php(48): Themes\\bayan\\controllers\\BayanController::insertArticle('/var/www/html/s...')
#2 [internal function]: Themes\\bayan\\theme_commands\\insertApiArticles->handle()
#3 /var/www/html/layout_migration/albayan_migration/vendor/laravel/framework/src/Illuminate/Container/BoundMethod.php(29): call_user_func_array(Array, Array)
#4 /var/www/html/layout_migration/albayan_migration/vendor/laravel/framework/src/Illuminate/Container/BoundMethod.php(87): Illuminate\\Container\\BoundMethod::Illuminate\\Container\\{closure}()
#5 /var/www/html/layout_migration/albayan_migration/vendor/laravel/framework/src/Illuminate/Container/BoundMethod.php(31): Illuminate\\Container\\BoundMethod::callBoundMethod(Object(Illuminate\\Foundation\\Application), Array, Object(Closure))
#6 /var/www/html/layout_migration/albayan_migration/vendor/laravel/framework/src/Illuminate/Container/Container.php(572): Illuminate\\Container\\BoundMethod::call(Object(Illuminate\\Foundation\\Application), Array, Array, NULL)
#7 /var/www/html/layout_migration/albayan_migration/vendor/laravel/framework/src/Illuminate/Console/Command.php(183): Illuminate\\Container\\Container->call(Array)
#8 /var/www/html/layout_migration/albayan_migration/vendor/symfony/console/Command/Command.php(255): Illuminate\\Console\\Command->execute(Object(Symfony\\Component\\Console\\Input\\ArgvInput), Object(Illuminate\\Console\\OutputStyle))
#9 /var/www/html/layout_migration/albayan_migration/vendor/laravel/framework/src/Illuminate/Console/Command.php(170): Symfony\\Component\\Console\\Command\\Command->run(Object(Symfony\\Component\\Console\\Input\\ArgvInput), Object(Illuminate\\Console\\OutputStyle))
#10 /var/www/html/layout_migration/albayan_migration/vendor/symfony/console/Application.php(886): Illuminate\\Console\\Command->run(Object(Symfony\\Component\\Console\\Input\\ArgvInput), Object(Symfony\\Component\\Console\\Output\\ConsoleOutput))
#11 /var/www/html/layout_migration/albayan_migration/vendor/symfony/console/Application.php(262): Symfony\\Component\\Console\\Application->doRunCommand(Object(Themes\\bayan\\theme_commands\\insertApiArticles), Object(Symfony\\Component\\Console\\Input\\ArgvInput), Object(Symfony\\Component\\Console\\Output\\ConsoleOutput))
#12 /var/www/html/layout_migration/albayan_migration/vendor/symfony/console/Application.php(145): Symfony\\Component\\Console\\Application->doRun(Object(Symfony\\Component\\Console\\Input\\ArgvInput), Object(Symfony\\Component\\Console\\Output\\ConsoleOutput))
#13 /var/www/html/layout_migration/albayan_migration/vendor/laravel/framework/src/Illuminate/Console/Application.php(89): Symfony\\Component\\Console\\Application->run(Object(Symfony\\Component\\Console\\Input\\ArgvInput), Object(Symfony\\Component\\Console\\Output\\ConsoleOutput))
#14 /var/www/html/layout_migration/albayan_migration/vendor/laravel/framework/src/Illuminate/Foundation/Console/Kernel.php(122): Illuminate\\Console\\Application->run(Object(Symfony\\Component\\Console\\Input\\ArgvInput), Object(Symfony\\Component\\Console\\Output\\ConsoleOutput))
#15 /var/www/html/layout_migration/albayan_migration/artisan(37): Illuminate\\Foundation\\Console\\Kernel->handle(Object(Symfony\\Component\\Console\\Input\\ArgvInput), Object(Symfony\\Component\\Console\\Output\\ConsoleOutput))
#16 {main}
"} 
[2024-12-12 11:15:55] local.ERROR: syntax error, unexpected '}' {"exception":"[object] (Symfony\\Component\\Debug\\Exception\\FatalThrowableError(code: 0): syntax error, unexpected '}' at /var/www/html/layout_migration/albayan_migration/Themes/bayan/theme_commands/updateArticlesSection.php:50)
[stacktrace]
#0 /var/www/html/layout_migration/albayan_migration/vendor/composer/ClassLoader.php(322): Composer\\Autoload\\includeFile('/var/www/html/l...')
#1 [internal function]: Composer\\Autoload\\ClassLoader->loadClass('Themes\\\\bayan\\\\th...')
#2 [internal function]: spl_autoload_call('Themes\\\\bayan\\\\th...')
#3 /var/www/html/layout_migration/albayan_migration/vendor/laravel/framework/src/Illuminate/Foundation/Console/Kernel.php(225): is_subclass_of('Themes\\\\bayan\\\\th...', 'Illuminate\\\\Cons...')
#4 /var/www/html/layout_migration/albayan_migration/app/Console/Kernel.php(38): Illuminate\\Foundation\\Console\\Kernel->load(Array)
#5 /var/www/html/layout_migration/albayan_migration/vendor/laravel/framework/src/Illuminate/Foundation/Console/Kernel.php(310): App\\Console\\Kernel->commands()
#6 /var/www/html/layout_migration/albayan_migration/vendor/laravel/framework/src/Illuminate/Foundation/Console/Kernel.php(120): Illuminate\\Foundation\\Console\\Kernel->bootstrap()
#7 /var/www/html/layout_migration/albayan_migration/artisan(37): Illuminate\\Foundation\\Console\\Kernel->handle(Object(Symfony\\Component\\Console\\Input\\ArgvInput), Object(Symfony\\Component\\Console\\Output\\ConsoleOutput))
#8 {main}
"} 
[2024-12-12 11:21:09] local.ERROR: syntax error, unexpected '}' {"exception":"[object] (Symfony\\Component\\Debug\\Exception\\FatalThrowableError(code: 0): syntax error, unexpected '}' at /var/www/html/layout_migration/albayan_migration/Themes/bayan/theme_commands/updateArticlesSection.php:50)
[stacktrace]
#0 /var/www/html/layout_migration/albayan_migration/vendor/composer/ClassLoader.php(322): Composer\\Autoload\\includeFile('/var/www/html/l...')
#1 [internal function]: Composer\\Autoload\\ClassLoader->loadClass('Themes\\\\bayan\\\\th...')
#2 [internal function]: spl_autoload_call('Themes\\\\bayan\\\\th...')
#3 /var/www/html/layout_migration/albayan_migration/vendor/laravel/framework/src/Illuminate/Foundation/Console/Kernel.php(225): is_subclass_of('Themes\\\\bayan\\\\th...', 'Illuminate\\\\Cons...')
#4 /var/www/html/layout_migration/albayan_migration/app/Console/Kernel.php(38): Illuminate\\Foundation\\Console\\Kernel->load(Array)
#5 /var/www/html/layout_migration/albayan_migration/vendor/laravel/framework/src/Illuminate/Foundation/Console/Kernel.php(310): App\\Console\\Kernel->commands()
#6 /var/www/html/layout_migration/albayan_migration/vendor/laravel/framework/src/Illuminate/Foundation/Console/Kernel.php(120): Illuminate\\Foundation\\Console\\Kernel->bootstrap()
#7 /var/www/html/layout_migration/albayan_migration/artisan(37): Illuminate\\Foundation\\Console\\Kernel->handle(Object(Symfony\\Component\\Console\\Input\\ArgvInput), Object(Symfony\\Component\\Console\\Output\\ConsoleOutput))
#8 {main}
"} 
[2024-12-12 11:21:31] local.ERROR: syntax error, unexpected '}' {"exception":"[object] (Symfony\\Component\\Debug\\Exception\\FatalThrowableError(code: 0): syntax error, unexpected '}' at /var/www/html/layout_migration/albayan_migration/Themes/bayan/theme_commands/updateArticlesSection.php:50)
[stacktrace]
#0 /var/www/html/layout_migration/albayan_migration/vendor/composer/ClassLoader.php(322): Composer\\Autoload\\includeFile('/var/www/html/l...')
#1 [internal function]: Composer\\Autoload\\ClassLoader->loadClass('Themes\\\\bayan\\\\th...')
#2 [internal function]: spl_autoload_call('Themes\\\\bayan\\\\th...')
#3 /var/www/html/layout_migration/albayan_migration/vendor/laravel/framework/src/Illuminate/Foundation/Console/Kernel.php(225): is_subclass_of('Themes\\\\bayan\\\\th...', 'Illuminate\\\\Cons...')
#4 /var/www/html/layout_migration/albayan_migration/app/Console/Kernel.php(38): Illuminate\\Foundation\\Console\\Kernel->load(Array)
#5 /var/www/html/layout_migration/albayan_migration/vendor/laravel/framework/src/Illuminate/Foundation/Console/Kernel.php(310): App\\Console\\Kernel->commands()
#6 /var/www/html/layout_migration/albayan_migration/vendor/laravel/framework/src/Illuminate/Foundation/Console/Kernel.php(120): Illuminate\\Foundation\\Console\\Kernel->bootstrap()
#7 /var/www/html/layout_migration/albayan_migration/artisan(37): Illuminate\\Foundation\\Console\\Kernel->handle(Object(Symfony\\Component\\Console\\Input\\ArgvInput), Object(Symfony\\Component\\Console\\Output\\ConsoleOutput))
#8 {main}
"} 
[2024-12-12 11:21:39] local.ERROR: syntax error, unexpected '}' {"exception":"[object] (Symfony\\Component\\Debug\\Exception\\FatalThrowableError(code: 0): syntax error, unexpected '}' at /var/www/html/layout_migration/albayan_migration/Themes/bayan/theme_commands/updateArticlesSection.php:53)
[stacktrace]
#0 /var/www/html/layout_migration/albayan_migration/vendor/composer/ClassLoader.php(322): Composer\\Autoload\\includeFile('/var/www/html/l...')
#1 [internal function]: Composer\\Autoload\\ClassLoader->loadClass('Themes\\\\bayan\\\\th...')
#2 [internal function]: spl_autoload_call('Themes\\\\bayan\\\\th...')
#3 /var/www/html/layout_migration/albayan_migration/vendor/laravel/framework/src/Illuminate/Foundation/Console/Kernel.php(225): is_subclass_of('Themes\\\\bayan\\\\th...', 'Illuminate\\\\Cons...')
#4 /var/www/html/layout_migration/albayan_migration/app/Console/Kernel.php(38): Illuminate\\Foundation\\Console\\Kernel->load(Array)
#5 /var/www/html/layout_migration/albayan_migration/vendor/laravel/framework/src/Illuminate/Foundation/Console/Kernel.php(310): App\\Console\\Kernel->commands()
#6 /var/www/html/layout_migration/albayan_migration/vendor/laravel/framework/src/Illuminate/Foundation/Console/Kernel.php(120): Illuminate\\Foundation\\Console\\Kernel->bootstrap()
#7 /var/www/html/layout_migration/albayan_migration/artisan(37): Illuminate\\Foundation\\Console\\Kernel->handle(Object(Symfony\\Component\\Console\\Input\\ArgvInput), Object(Symfony\\Component\\Console\\Output\\ConsoleOutput))
#8 {main}
"} 
[2024-12-12 11:21:56] local.ERROR: syntax error, unexpected '}' {"exception":"[object] (Symfony\\Component\\Debug\\Exception\\FatalThrowableError(code: 0): syntax error, unexpected '}' at /var/www/html/layout_migration/albayan_migration/Themes/bayan/theme_commands/updateArticlesSection.php:50)
[stacktrace]
#0 /var/www/html/layout_migration/albayan_migration/vendor/composer/ClassLoader.php(322): Composer\\Autoload\\includeFile('/var/www/html/l...')
#1 [internal function]: Composer\\Autoload\\ClassLoader->loadClass('Themes\\\\bayan\\\\th...')
#2 [internal function]: spl_autoload_call('Themes\\\\bayan\\\\th...')
#3 /var/www/html/layout_migration/albayan_migration/vendor/laravel/framework/src/Illuminate/Foundation/Console/Kernel.php(225): is_subclass_of('Themes\\\\bayan\\\\th...', 'Illuminate\\\\Cons...')
#4 /var/www/html/layout_migration/albayan_migration/app/Console/Kernel.php(38): Illuminate\\Foundation\\Console\\Kernel->load(Array)
#5 /var/www/html/layout_migration/albayan_migration/vendor/laravel/framework/src/Illuminate/Foundation/Console/Kernel.php(310): App\\Console\\Kernel->commands()
#6 /var/www/html/layout_migration/albayan_migration/vendor/laravel/framework/src/Illuminate/Foundation/Console/Kernel.php(120): Illuminate\\Foundation\\Console\\Kernel->bootstrap()
#7 /var/www/html/layout_migration/albayan_migration/artisan(37): Illuminate\\Foundation\\Console\\Kernel->handle(Object(Symfony\\Component\\Console\\Input\\ArgvInput), Object(Symfony\\Component\\Console\\Output\\ConsoleOutput))
#8 {main}
"} 
[2024-12-12 11:21:59] local.ERROR: syntax error, unexpected '}' {"exception":"[object] (Symfony\\Component\\Debug\\Exception\\FatalThrowableError(code: 0): syntax error, unexpected '}' at /var/www/html/layout_migration/albayan_migration/Themes/bayan/theme_commands/updateArticlesSection.php:50)
[stacktrace]
#0 /var/www/html/layout_migration/albayan_migration/vendor/composer/ClassLoader.php(322): Composer\\Autoload\\includeFile('/var/www/html/l...')
#1 [internal function]: Composer\\Autoload\\ClassLoader->loadClass('Themes\\\\bayan\\\\th...')
#2 [internal function]: spl_autoload_call('Themes\\\\bayan\\\\th...')
#3 /var/www/html/layout_migration/albayan_migration/vendor/laravel/framework/src/Illuminate/Foundation/Console/Kernel.php(225): is_subclass_of('Themes\\\\bayan\\\\th...', 'Illuminate\\\\Cons...')
#4 /var/www/html/layout_migration/albayan_migration/app/Console/Kernel.php(38): Illuminate\\Foundation\\Console\\Kernel->load(Array)
#5 /var/www/html/layout_migration/albayan_migration/vendor/laravel/framework/src/Illuminate/Foundation/Console/Kernel.php(310): App\\Console\\Kernel->commands()
#6 /var/www/html/layout_migration/albayan_migration/vendor/laravel/framework/src/Illuminate/Foundation/Console/Kernel.php(120): Illuminate\\Foundation\\Console\\Kernel->bootstrap()
#7 /var/www/html/layout_migration/albayan_migration/artisan(37): Illuminate\\Foundation\\Console\\Kernel->handle(Object(Symfony\\Component\\Console\\Input\\ArgvInput), Object(Symfony\\Component\\Console\\Output\\ConsoleOutput))
#8 {main}
"} 
[2024-12-12 11:22:06] local.ERROR: syntax error, unexpected '}' {"exception":"[object] (Symfony\\Component\\Debug\\Exception\\FatalThrowableError(code: 0): syntax error, unexpected '}' at /var/www/html/layout_migration/albayan_migration/Themes/bayan/theme_commands/updateArticlesSection.php:49)
[stacktrace]
#0 /var/www/html/layout_migration/albayan_migration/vendor/composer/ClassLoader.php(322): Composer\\Autoload\\includeFile('/var/www/html/l...')
#1 [internal function]: Composer\\Autoload\\ClassLoader->loadClass('Themes\\\\bayan\\\\th...')
#2 [internal function]: spl_autoload_call('Themes\\\\bayan\\\\th...')
#3 /var/www/html/layout_migration/albayan_migration/vendor/laravel/framework/src/Illuminate/Foundation/Console/Kernel.php(225): is_subclass_of('Themes\\\\bayan\\\\th...', 'Illuminate\\\\Cons...')
#4 /var/www/html/layout_migration/albayan_migration/app/Console/Kernel.php(38): Illuminate\\Foundation\\Console\\Kernel->load(Array)
#5 /var/www/html/layout_migration/albayan_migration/vendor/laravel/framework/src/Illuminate/Foundation/Console/Kernel.php(310): App\\Console\\Kernel->commands()
#6 /var/www/html/layout_migration/albayan_migration/vendor/laravel/framework/src/Illuminate/Foundation/Console/Kernel.php(120): Illuminate\\Foundation\\Console\\Kernel->bootstrap()
#7 /var/www/html/layout_migration/albayan_migration/artisan(37): Illuminate\\Foundation\\Console\\Kernel->handle(Object(Symfony\\Component\\Console\\Input\\ArgvInput), Object(Symfony\\Component\\Console\\Output\\ConsoleOutput))
#8 {main}
"} 
[2024-12-12 11:22:12] local.ERROR: Method Themes\bayan\theme_commands\updateArticlesSection::handle() does not exist {"exception":"[object] (ReflectionException(code: 0): Method Themes\\bayan\\theme_commands\\updateArticlesSection::handle() does not exist at /var/www/html/layout_migration/albayan_migration/vendor/laravel/framework/src/Illuminate/Container/BoundMethod.php:137)
[stacktrace]
#0 /var/www/html/layout_migration/albayan_migration/vendor/laravel/framework/src/Illuminate/Container/BoundMethod.php(137): ReflectionMethod->__construct(Object(Themes\\bayan\\theme_commands\\updateArticlesSection), 'handle')
#1 /var/www/html/layout_migration/albayan_migration/vendor/laravel/framework/src/Illuminate/Container/BoundMethod.php(115): Illuminate\\Container\\BoundMethod::getCallReflector(Array)
#2 /var/www/html/layout_migration/albayan_migration/vendor/laravel/framework/src/Illuminate/Container/BoundMethod.php(29): Illuminate\\Container\\BoundMethod::getMethodDependencies(Object(Illuminate\\Foundation\\Application), Array, Array)
#3 /var/www/html/layout_migration/albayan_migration/vendor/laravel/framework/src/Illuminate/Container/BoundMethod.php(87): Illuminate\\Container\\BoundMethod::Illuminate\\Container\\{closure}()
#4 /var/www/html/layout_migration/albayan_migration/vendor/laravel/framework/src/Illuminate/Container/BoundMethod.php(31): Illuminate\\Container\\BoundMethod::callBoundMethod(Object(Illuminate\\Foundation\\Application), Array, Object(Closure))
#5 /var/www/html/layout_migration/albayan_migration/vendor/laravel/framework/src/Illuminate/Container/Container.php(572): Illuminate\\Container\\BoundMethod::call(Object(Illuminate\\Foundation\\Application), Array, Array, NULL)
#6 /var/www/html/layout_migration/albayan_migration/vendor/laravel/framework/src/Illuminate/Console/Command.php(183): Illuminate\\Container\\Container->call(Array)
#7 /var/www/html/layout_migration/albayan_migration/vendor/symfony/console/Command/Command.php(255): Illuminate\\Console\\Command->execute(Object(Symfony\\Component\\Console\\Input\\ArgvInput), Object(Illuminate\\Console\\OutputStyle))
#8 /var/www/html/layout_migration/albayan_migration/vendor/laravel/framework/src/Illuminate/Console/Command.php(170): Symfony\\Component\\Console\\Command\\Command->run(Object(Symfony\\Component\\Console\\Input\\ArgvInput), Object(Illuminate\\Console\\OutputStyle))
#9 /var/www/html/layout_migration/albayan_migration/vendor/symfony/console/Application.php(886): Illuminate\\Console\\Command->run(Object(Symfony\\Component\\Console\\Input\\ArgvInput), Object(Symfony\\Component\\Console\\Output\\ConsoleOutput))
#10 /var/www/html/layout_migration/albayan_migration/vendor/symfony/console/Application.php(262): Symfony\\Component\\Console\\Application->doRunCommand(Object(Themes\\bayan\\theme_commands\\updateArticlesSection), Object(Symfony\\Component\\Console\\Input\\ArgvInput), Object(Symfony\\Component\\Console\\Output\\ConsoleOutput))
#11 /var/www/html/layout_migration/albayan_migration/vendor/symfony/console/Application.php(145): Symfony\\Component\\Console\\Application->doRun(Object(Symfony\\Component\\Console\\Input\\ArgvInput), Object(Symfony\\Component\\Console\\Output\\ConsoleOutput))
#12 /var/www/html/layout_migration/albayan_migration/vendor/laravel/framework/src/Illuminate/Console/Application.php(89): Symfony\\Component\\Console\\Application->run(Object(Symfony\\Component\\Console\\Input\\ArgvInput), Object(Symfony\\Component\\Console\\Output\\ConsoleOutput))
#13 /var/www/html/layout_migration/albayan_migration/vendor/laravel/framework/src/Illuminate/Foundation/Console/Kernel.php(122): Illuminate\\Console\\Application->run(Object(Symfony\\Component\\Console\\Input\\ArgvInput), Object(Symfony\\Component\\Console\\Output\\ConsoleOutput))
#14 /var/www/html/layout_migration/albayan_migration/artisan(37): Illuminate\\Foundation\\Console\\Kernel->handle(Object(Symfony\\Component\\Console\\Input\\ArgvInput), Object(Symfony\\Component\\Console\\Output\\ConsoleOutput))
#15 {main}
"} 
[2024-12-12 11:22:19] local.ERROR: Method Themes\bayan\theme_commands\updateArticlesSection::handle() does not exist {"exception":"[object] (ReflectionException(code: 0): Method Themes\\bayan\\theme_commands\\updateArticlesSection::handle() does not exist at /var/www/html/layout_migration/albayan_migration/vendor/laravel/framework/src/Illuminate/Container/BoundMethod.php:137)
[stacktrace]
#0 /var/www/html/layout_migration/albayan_migration/vendor/laravel/framework/src/Illuminate/Container/BoundMethod.php(137): ReflectionMethod->__construct(Object(Themes\\bayan\\theme_commands\\updateArticlesSection), 'handle')
#1 /var/www/html/layout_migration/albayan_migration/vendor/laravel/framework/src/Illuminate/Container/BoundMethod.php(115): Illuminate\\Container\\BoundMethod::getCallReflector(Array)
#2 /var/www/html/layout_migration/albayan_migration/vendor/laravel/framework/src/Illuminate/Container/BoundMethod.php(29): Illuminate\\Container\\BoundMethod::getMethodDependencies(Object(Illuminate\\Foundation\\Application), Array, Array)
#3 /var/www/html/layout_migration/albayan_migration/vendor/laravel/framework/src/Illuminate/Container/BoundMethod.php(87): Illuminate\\Container\\BoundMethod::Illuminate\\Container\\{closure}()
#4 /var/www/html/layout_migration/albayan_migration/vendor/laravel/framework/src/Illuminate/Container/BoundMethod.php(31): Illuminate\\Container\\BoundMethod::callBoundMethod(Object(Illuminate\\Foundation\\Application), Array, Object(Closure))
#5 /var/www/html/layout_migration/albayan_migration/vendor/laravel/framework/src/Illuminate/Container/Container.php(572): Illuminate\\Container\\BoundMethod::call(Object(Illuminate\\Foundation\\Application), Array, Array, NULL)
#6 /var/www/html/layout_migration/albayan_migration/vendor/laravel/framework/src/Illuminate/Console/Command.php(183): Illuminate\\Container\\Container->call(Array)
#7 /var/www/html/layout_migration/albayan_migration/vendor/symfony/console/Command/Command.php(255): Illuminate\\Console\\Command->execute(Object(Symfony\\Component\\Console\\Input\\ArgvInput), Object(Illuminate\\Console\\OutputStyle))
#8 /var/www/html/layout_migration/albayan_migration/vendor/laravel/framework/src/Illuminate/Console/Command.php(170): Symfony\\Component\\Console\\Command\\Command->run(Object(Symfony\\Component\\Console\\Input\\ArgvInput), Object(Illuminate\\Console\\OutputStyle))
#9 /var/www/html/layout_migration/albayan_migration/vendor/symfony/console/Application.php(886): Illuminate\\Console\\Command->run(Object(Symfony\\Component\\Console\\Input\\ArgvInput), Object(Symfony\\Component\\Console\\Output\\ConsoleOutput))
#10 /var/www/html/layout_migration/albayan_migration/vendor/symfony/console/Application.php(262): Symfony\\Component\\Console\\Application->doRunCommand(Object(Themes\\bayan\\theme_commands\\updateArticlesSection), Object(Symfony\\Component\\Console\\Input\\ArgvInput), Object(Symfony\\Component\\Console\\Output\\ConsoleOutput))
#11 /var/www/html/layout_migration/albayan_migration/vendor/symfony/console/Application.php(145): Symfony\\Component\\Console\\Application->doRun(Object(Symfony\\Component\\Console\\Input\\ArgvInput), Object(Symfony\\Component\\Console\\Output\\ConsoleOutput))
#12 /var/www/html/layout_migration/albayan_migration/vendor/laravel/framework/src/Illuminate/Console/Application.php(89): Symfony\\Component\\Console\\Application->run(Object(Symfony\\Component\\Console\\Input\\ArgvInput), Object(Symfony\\Component\\Console\\Output\\ConsoleOutput))
#13 /var/www/html/layout_migration/albayan_migration/vendor/laravel/framework/src/Illuminate/Foundation/Console/Kernel.php(122): Illuminate\\Console\\Application->run(Object(Symfony\\Component\\Console\\Input\\ArgvInput), Object(Symfony\\Component\\Console\\Output\\ConsoleOutput))
#14 /var/www/html/layout_migration/albayan_migration/artisan(37): Illuminate\\Foundation\\Console\\Kernel->handle(Object(Symfony\\Component\\Console\\Input\\ArgvInput), Object(Symfony\\Component\\Console\\Output\\ConsoleOutput))
#15 {main}
"} 
[2024-12-12 11:22:22] local.ERROR: Method Themes\bayan\theme_commands\updateArticlesSection::handle() does not exist {"exception":"[object] (ReflectionException(code: 0): Method Themes\\bayan\\theme_commands\\updateArticlesSection::handle() does not exist at /var/www/html/layout_migration/albayan_migration/vendor/laravel/framework/src/Illuminate/Container/BoundMethod.php:137)
[stacktrace]
#0 /var/www/html/layout_migration/albayan_migration/vendor/laravel/framework/src/Illuminate/Container/BoundMethod.php(137): ReflectionMethod->__construct(Object(Themes\\bayan\\theme_commands\\updateArticlesSection), 'handle')
#1 /var/www/html/layout_migration/albayan_migration/vendor/laravel/framework/src/Illuminate/Container/BoundMethod.php(115): Illuminate\\Container\\BoundMethod::getCallReflector(Array)
#2 /var/www/html/layout_migration/albayan_migration/vendor/laravel/framework/src/Illuminate/Container/BoundMethod.php(29): Illuminate\\Container\\BoundMethod::getMethodDependencies(Object(Illuminate\\Foundation\\Application), Array, Array)
#3 /var/www/html/layout_migration/albayan_migration/vendor/laravel/framework/src/Illuminate/Container/BoundMethod.php(87): Illuminate\\Container\\BoundMethod::Illuminate\\Container\\{closure}()
#4 /var/www/html/layout_migration/albayan_migration/vendor/laravel/framework/src/Illuminate/Container/BoundMethod.php(31): Illuminate\\Container\\BoundMethod::callBoundMethod(Object(Illuminate\\Foundation\\Application), Array, Object(Closure))
#5 /var/www/html/layout_migration/albayan_migration/vendor/laravel/framework/src/Illuminate/Container/Container.php(572): Illuminate\\Container\\BoundMethod::call(Object(Illuminate\\Foundation\\Application), Array, Array, NULL)
#6 /var/www/html/layout_migration/albayan_migration/vendor/laravel/framework/src/Illuminate/Console/Command.php(183): Illuminate\\Container\\Container->call(Array)
#7 /var/www/html/layout_migration/albayan_migration/vendor/symfony/console/Command/Command.php(255): Illuminate\\Console\\Command->execute(Object(Symfony\\Component\\Console\\Input\\ArgvInput), Object(Illuminate\\Console\\OutputStyle))
#8 /var/www/html/layout_migration/albayan_migration/vendor/laravel/framework/src/Illuminate/Console/Command.php(170): Symfony\\Component\\Console\\Command\\Command->run(Object(Symfony\\Component\\Console\\Input\\ArgvInput), Object(Illuminate\\Console\\OutputStyle))
#9 /var/www/html/layout_migration/albayan_migration/vendor/symfony/console/Application.php(886): Illuminate\\Console\\Command->run(Object(Symfony\\Component\\Console\\Input\\ArgvInput), Object(Symfony\\Component\\Console\\Output\\ConsoleOutput))
#10 /var/www/html/layout_migration/albayan_migration/vendor/symfony/console/Application.php(262): Symfony\\Component\\Console\\Application->doRunCommand(Object(Themes\\bayan\\theme_commands\\updateArticlesSection), Object(Symfony\\Component\\Console\\Input\\ArgvInput), Object(Symfony\\Component\\Console\\Output\\ConsoleOutput))
#11 /var/www/html/layout_migration/albayan_migration/vendor/symfony/console/Application.php(145): Symfony\\Component\\Console\\Application->doRun(Object(Symfony\\Component\\Console\\Input\\ArgvInput), Object(Symfony\\Component\\Console\\Output\\ConsoleOutput))
#12 /var/www/html/layout_migration/albayan_migration/vendor/laravel/framework/src/Illuminate/Console/Application.php(89): Symfony\\Component\\Console\\Application->run(Object(Symfony\\Component\\Console\\Input\\ArgvInput), Object(Symfony\\Component\\Console\\Output\\ConsoleOutput))
#13 /var/www/html/layout_migration/albayan_migration/vendor/laravel/framework/src/Illuminate/Foundation/Console/Kernel.php(122): Illuminate\\Console\\Application->run(Object(Symfony\\Component\\Console\\Input\\ArgvInput), Object(Symfony\\Component\\Console\\Output\\ConsoleOutput))
#14 /var/www/html/layout_migration/albayan_migration/artisan(37): Illuminate\\Foundation\\Console\\Kernel->handle(Object(Symfony\\Component\\Console\\Input\\ArgvInput), Object(Symfony\\Component\\Console\\Output\\ConsoleOutput))
#15 {main}
"} 
[2024-12-12 11:27:35] local.ERROR: Trying to get property of non-object {"exception":"[object] (ErrorException(code: 0): Trying to get property of non-object at /var/www/html/layout_migration/albayan_migration/Themes/bayan/controllers/BayanController.php:661)
[stacktrace]
#0 /var/www/html/layout_migration/albayan_migration/Themes/bayan/controllers/BayanController.php(661): Illuminate\\Foundation\\Bootstrap\\HandleExceptions->handleError(8, 'Trying to get p...', '/var/www/html/l...', 661, Array)
#1 /var/www/html/layout_migration/albayan_migration/Themes/bayan/theme_commands/updateArticlesSection.php(48): Themes\\bayan\\controllers\\BayanController::updateArticleSections('/var/www/html/s...')
#2 [internal function]: Themes\\bayan\\theme_commands\\updateArticlesSection->handle()
#3 /var/www/html/layout_migration/albayan_migration/vendor/laravel/framework/src/Illuminate/Container/BoundMethod.php(29): call_user_func_array(Array, Array)
#4 /var/www/html/layout_migration/albayan_migration/vendor/laravel/framework/src/Illuminate/Container/BoundMethod.php(87): Illuminate\\Container\\BoundMethod::Illuminate\\Container\\{closure}()
#5 /var/www/html/layout_migration/albayan_migration/vendor/laravel/framework/src/Illuminate/Container/BoundMethod.php(31): Illuminate\\Container\\BoundMethod::callBoundMethod(Object(Illuminate\\Foundation\\Application), Array, Object(Closure))
#6 /var/www/html/layout_migration/albayan_migration/vendor/laravel/framework/src/Illuminate/Container/Container.php(572): Illuminate\\Container\\BoundMethod::call(Object(Illuminate\\Foundation\\Application), Array, Array, NULL)
#7 /var/www/html/layout_migration/albayan_migration/vendor/laravel/framework/src/Illuminate/Console/Command.php(183): Illuminate\\Container\\Container->call(Array)
#8 /var/www/html/layout_migration/albayan_migration/vendor/symfony/console/Command/Command.php(255): Illuminate\\Console\\Command->execute(Object(Symfony\\Component\\Console\\Input\\ArgvInput), Object(Illuminate\\Console\\OutputStyle))
#9 /var/www/html/layout_migration/albayan_migration/vendor/laravel/framework/src/Illuminate/Console/Command.php(170): Symfony\\Component\\Console\\Command\\Command->run(Object(Symfony\\Component\\Console\\Input\\ArgvInput), Object(Illuminate\\Console\\OutputStyle))
#10 /var/www/html/layout_migration/albayan_migration/vendor/symfony/console/Application.php(886): Illuminate\\Console\\Command->run(Object(Symfony\\Component\\Console\\Input\\ArgvInput), Object(Symfony\\Component\\Console\\Output\\ConsoleOutput))
#11 /var/www/html/layout_migration/albayan_migration/vendor/symfony/console/Application.php(262): Symfony\\Component\\Console\\Application->doRunCommand(Object(Themes\\bayan\\theme_commands\\updateArticlesSection), Object(Symfony\\Component\\Console\\Input\\ArgvInput), Object(Symfony\\Component\\Console\\Output\\ConsoleOutput))
#12 /var/www/html/layout_migration/albayan_migration/vendor/symfony/console/Application.php(145): Symfony\\Component\\Console\\Application->doRun(Object(Symfony\\Component\\Console\\Input\\ArgvInput), Object(Symfony\\Component\\Console\\Output\\ConsoleOutput))
#13 /var/www/html/layout_migration/albayan_migration/vendor/laravel/framework/src/Illuminate/Console/Application.php(89): Symfony\\Component\\Console\\Application->run(Object(Symfony\\Component\\Console\\Input\\ArgvInput), Object(Symfony\\Component\\Console\\Output\\ConsoleOutput))
#14 /var/www/html/layout_migration/albayan_migration/vendor/laravel/framework/src/Illuminate/Foundation/Console/Kernel.php(122): Illuminate\\Console\\Application->run(Object(Symfony\\Component\\Console\\Input\\ArgvInput), Object(Symfony\\Component\\Console\\Output\\ConsoleOutput))
#15 /var/www/html/layout_migration/albayan_migration/artisan(37): Illuminate\\Foundation\\Console\\Kernel->handle(Object(Symfony\\Component\\Console\\Input\\ArgvInput), Object(Symfony\\Component\\Console\\Output\\ConsoleOutput))
#16 {main}
"} 
[2024-12-12 12:00:02] local.ERROR: Class 'Themes\bayan\theme_commands\article_archive' not found {"exception":"[object] (Symfony\\Component\\Debug\\Exception\\FatalThrowableError(code: 0): Class 'Themes\\bayan\\theme_commands\\article_archive' not found at /var/www/html/layout_migration/albayan_migration/Themes/bayan/theme_commands/updateArticlesSection.php:48)
[stacktrace]
#0 [internal function]: Themes\\bayan\\theme_commands\\updateArticlesSection->handle()
#1 /var/www/html/layout_migration/albayan_migration/vendor/laravel/framework/src/Illuminate/Container/BoundMethod.php(29): call_user_func_array(Array, Array)
#2 /var/www/html/layout_migration/albayan_migration/vendor/laravel/framework/src/Illuminate/Container/BoundMethod.php(87): Illuminate\\Container\\BoundMethod::Illuminate\\Container\\{closure}()
#3 /var/www/html/layout_migration/albayan_migration/vendor/laravel/framework/src/Illuminate/Container/BoundMethod.php(31): Illuminate\\Container\\BoundMethod::callBoundMethod(Object(Illuminate\\Foundation\\Application), Array, Object(Closure))
#4 /var/www/html/layout_migration/albayan_migration/vendor/laravel/framework/src/Illuminate/Container/Container.php(572): Illuminate\\Container\\BoundMethod::call(Object(Illuminate\\Foundation\\Application), Array, Array, NULL)
#5 /var/www/html/layout_migration/albayan_migration/vendor/laravel/framework/src/Illuminate/Console/Command.php(183): Illuminate\\Container\\Container->call(Array)
#6 /var/www/html/layout_migration/albayan_migration/vendor/symfony/console/Command/Command.php(255): Illuminate\\Console\\Command->execute(Object(Symfony\\Component\\Console\\Input\\ArgvInput), Object(Illuminate\\Console\\OutputStyle))
#7 /var/www/html/layout_migration/albayan_migration/vendor/laravel/framework/src/Illuminate/Console/Command.php(170): Symfony\\Component\\Console\\Command\\Command->run(Object(Symfony\\Component\\Console\\Input\\ArgvInput), Object(Illuminate\\Console\\OutputStyle))
#8 /var/www/html/layout_migration/albayan_migration/vendor/symfony/console/Application.php(886): Illuminate\\Console\\Command->run(Object(Symfony\\Component\\Console\\Input\\ArgvInput), Object(Symfony\\Component\\Console\\Output\\ConsoleOutput))
#9 /var/www/html/layout_migration/albayan_migration/vendor/symfony/console/Application.php(262): Symfony\\Component\\Console\\Application->doRunCommand(Object(Themes\\bayan\\theme_commands\\updateArticlesSection), Object(Symfony\\Component\\Console\\Input\\ArgvInput), Object(Symfony\\Component\\Console\\Output\\ConsoleOutput))
#10 /var/www/html/layout_migration/albayan_migration/vendor/symfony/console/Application.php(145): Symfony\\Component\\Console\\Application->doRun(Object(Symfony\\Component\\Console\\Input\\ArgvInput), Object(Symfony\\Component\\Console\\Output\\ConsoleOutput))
#11 /var/www/html/layout_migration/albayan_migration/vendor/laravel/framework/src/Illuminate/Console/Application.php(89): Symfony\\Component\\Console\\Application->run(Object(Symfony\\Component\\Console\\Input\\ArgvInput), Object(Symfony\\Component\\Console\\Output\\ConsoleOutput))
#12 /var/www/html/layout_migration/albayan_migration/vendor/laravel/framework/src/Illuminate/Foundation/Console/Kernel.php(122): Illuminate\\Console\\Application->run(Object(Symfony\\Component\\Console\\Input\\ArgvInput), Object(Symfony\\Component\\Console\\Output\\ConsoleOutput))
#13 /var/www/html/layout_migration/albayan_migration/artisan(37): Illuminate\\Foundation\\Console\\Kernel->handle(Object(Symfony\\Component\\Console\\Input\\ArgvInput), Object(Symfony\\Component\\Console\\Output\\ConsoleOutput))
#14 {main}
"} 
[2024-12-12 13:52:40] local.ERROR: syntax error, unexpected '::' (T_PAAMAYIM_NEKUDOTAYIM) {"exception":"[object] (Symfony\\Component\\Debug\\Exception\\FatalThrowableError(code: 0): syntax error, unexpected '::' (T_PAAMAYIM_NEKUDOTAYIM) at /var/www/html/layout_migration/albayan_migration/Themes/bayan/theme_commands/updateArticlesSection.php:48)
[stacktrace]
#0 /var/www/html/layout_migration/albayan_migration/vendor/composer/ClassLoader.php(322): Composer\\Autoload\\includeFile('/var/www/html/l...')
#1 [internal function]: Composer\\Autoload\\ClassLoader->loadClass('Themes\\\\bayan\\\\th...')
#2 [internal function]: spl_autoload_call('Themes\\\\bayan\\\\th...')
#3 /var/www/html/layout_migration/albayan_migration/vendor/laravel/framework/src/Illuminate/Foundation/Console/Kernel.php(225): is_subclass_of('Themes\\\\bayan\\\\th...', 'Illuminate\\\\Cons...')
#4 /var/www/html/layout_migration/albayan_migration/app/Console/Kernel.php(38): Illuminate\\Foundation\\Console\\Kernel->load(Array)
#5 /var/www/html/layout_migration/albayan_migration/vendor/laravel/framework/src/Illuminate/Foundation/Console/Kernel.php(310): App\\Console\\Kernel->commands()
#6 /var/www/html/layout_migration/albayan_migration/vendor/laravel/framework/src/Illuminate/Foundation/Console/Kernel.php(120): Illuminate\\Foundation\\Console\\Kernel->bootstrap()
#7 /var/www/html/layout_migration/albayan_migration/artisan(37): Illuminate\\Foundation\\Console\\Kernel->handle(Object(Symfony\\Component\\Console\\Input\\ArgvInput), Object(Symfony\\Component\\Console\\Output\\ConsoleOutput))
#8 {main}
"} 
[2024-12-12 17:34:26] local.ERROR: SQLSTATE[HY093]: Invalid parameter number (SQL: select * from `article_archive` where YEAR(publish_time) IN (2021, ?)) {"exception":"[object] (Illuminate\\Database\\QueryException(code: HY093): SQLSTATE[HY093]: Invalid parameter number (SQL: select * from `article_archive` where YEAR(publish_time) IN (2021, ?)) at /var/www/html/layout_migration/albayan_migration/vendor/laravel/framework/src/Illuminate/Database/Connection.php:664, Doctrine\\DBAL\\Driver\\PDOException(code: HY093): SQLSTATE[HY093]: Invalid parameter number at /var/www/html/layout_migration/albayan_migration/vendor/doctrine/dbal/lib/Doctrine/DBAL/Driver/PDOStatement.php:144, PDOException(code: HY093): SQLSTATE[HY093]: Invalid parameter number at /var/www/html/layout_migration/albayan_migration/vendor/doctrine/dbal/lib/Doctrine/DBAL/Driver/PDOStatement.php:142)
[stacktrace]
#0 /var/www/html/layout_migration/albayan_migration/vendor/laravel/framework/src/Illuminate/Database/Connection.php(624): Illuminate\\Database\\Connection->runQueryCallback('select * from `...', Array, Object(Closure))
#1 /var/www/html/layout_migration/albayan_migration/vendor/laravel/framework/src/Illuminate/Database/Connection.php(333): Illuminate\\Database\\Connection->run('select * from `...', Array, Object(Closure))
#2 /var/www/html/layout_migration/albayan_migration/vendor/laravel/framework/src/Illuminate/Database/Query/Builder.php(2027): Illuminate\\Database\\Connection->select('select * from `...', Array, true)
#3 /var/www/html/layout_migration/albayan_migration/vendor/laravel/framework/src/Illuminate/Database/Query/Builder.php(2015): Illuminate\\Database\\Query\\Builder->runSelect()
#4 /var/www/html/layout_migration/albayan_migration/vendor/laravel/framework/src/Illuminate/Database/Query/Builder.php(2499): Illuminate\\Database\\Query\\Builder->Illuminate\\Database\\Query\\{closure}()
#5 /var/www/html/layout_migration/albayan_migration/vendor/laravel/framework/src/Illuminate/Database/Query/Builder.php(2016): Illuminate\\Database\\Query\\Builder->onceWithColumns(Array, Object(Closure))
#6 /var/www/html/layout_migration/albayan_migration/vendor/laravel/framework/src/Illuminate/Database/Eloquent/Builder.php(516): Illuminate\\Database\\Query\\Builder->get(Array)
#7 /var/www/html/layout_migration/albayan_migration/vendor/laravel/framework/src/Illuminate/Database/Eloquent/Builder.php(500): Illuminate\\Database\\Eloquent\\Builder->getModels(Array)
#8 /var/www/html/layout_migration/albayan_migration/Themes/bayan/theme_commands/updateArticlesSection.php(48): Illuminate\\Database\\Eloquent\\Builder->get()
#9 [internal function]: Themes\\bayan\\theme_commands\\updateArticlesSection->handle()
#10 /var/www/html/layout_migration/albayan_migration/vendor/laravel/framework/src/Illuminate/Container/BoundMethod.php(29): call_user_func_array(Array, Array)
#11 /var/www/html/layout_migration/albayan_migration/vendor/laravel/framework/src/Illuminate/Container/BoundMethod.php(87): Illuminate\\Container\\BoundMethod::Illuminate\\Container\\{closure}()
#12 /var/www/html/layout_migration/albayan_migration/vendor/laravel/framework/src/Illuminate/Container/BoundMethod.php(31): Illuminate\\Container\\BoundMethod::callBoundMethod(Object(Illuminate\\Foundation\\Application), Array, Object(Closure))
#13 /var/www/html/layout_migration/albayan_migration/vendor/laravel/framework/src/Illuminate/Container/Container.php(572): Illuminate\\Container\\BoundMethod::call(Object(Illuminate\\Foundation\\Application), Array, Array, NULL)
#14 /var/www/html/layout_migration/albayan_migration/vendor/laravel/framework/src/Illuminate/Console/Command.php(183): Illuminate\\Container\\Container->call(Array)
#15 /var/www/html/layout_migration/albayan_migration/vendor/symfony/console/Command/Command.php(255): Illuminate\\Console\\Command->execute(Object(Symfony\\Component\\Console\\Input\\ArgvInput), Object(Illuminate\\Console\\OutputStyle))
#16 /var/www/html/layout_migration/albayan_migration/vendor/laravel/framework/src/Illuminate/Console/Command.php(170): Symfony\\Component\\Console\\Command\\Command->run(Object(Symfony\\Component\\Console\\Input\\ArgvInput), Object(Illuminate\\Console\\OutputStyle))
#17 /var/www/html/layout_migration/albayan_migration/vendor/symfony/console/Application.php(886): Illuminate\\Console\\Command->run(Object(Symfony\\Component\\Console\\Input\\ArgvInput), Object(Symfony\\Component\\Console\\Output\\ConsoleOutput))
#18 /var/www/html/layout_migration/albayan_migration/vendor/symfony/console/Application.php(262): Symfony\\Component\\Console\\Application->doRunCommand(Object(Themes\\bayan\\theme_commands\\updateArticlesSection), Object(Symfony\\Component\\Console\\Input\\ArgvInput), Object(Symfony\\Component\\Console\\Output\\ConsoleOutput))
#19 /var/www/html/layout_migration/albayan_migration/vendor/symfony/console/Application.php(145): Symfony\\Component\\Console\\Application->doRun(Object(Symfony\\Component\\Console\\Input\\ArgvInput), Object(Symfony\\Component\\Console\\Output\\ConsoleOutput))
#20 /var/www/html/layout_migration/albayan_migration/vendor/laravel/framework/src/Illuminate/Console/Application.php(89): Symfony\\Component\\Console\\Application->run(Object(Symfony\\Component\\Console\\Input\\ArgvInput), Object(Symfony\\Component\\Console\\Output\\ConsoleOutput))
#21 /var/www/html/layout_migration/albayan_migration/vendor/laravel/framework/src/Illuminate/Foundation/Console/Kernel.php(122): Illuminate\\Console\\Application->run(Object(Symfony\\Component\\Console\\Input\\ArgvInput), Object(Symfony\\Component\\Console\\Output\\ConsoleOutput))
#22 /var/www/html/layout_migration/albayan_migration/artisan(37): Illuminate\\Foundation\\Console\\Kernel->handle(Object(Symfony\\Component\\Console\\Input\\ArgvInput), Object(Symfony\\Component\\Console\\Output\\ConsoleOutput))
#23 {main}
"} 
