[2024-01-16 12:44:58] local.ERROR: Undefined index: body {"exception":"[object] (ErrorException(code: 0): Undefined index: body at C:\\wamp64\\www\\layout_migration\\Themes\\bayan\\controllers\\BayanController.php:40)
[stacktrace]
#0 C:\\wamp64\\www\\layout_migration\\Themes\\bayan\\controllers\\BayanController.php(40): Illuminate\\Foundation\\Bootstrap\\HandleExceptions->handleError(8, 'Undefined index...', 'C:\\\\wamp64\\\\www\\\\l...', 40, Array)
#1 C:\\wamp64\\www\\layout_migration\\Themes\\bayan\\theme_commands\\insertApiArticles.php(57): Themes\\bayan\\controllers\\BayanController::insertArticle('C:\\\\wamp64\\\\www\\\\l...')
#2 [internal function]: Themes\\bayan\\theme_commands\\insertApiArticles->handle()
#3 C:\\wamp64\\www\\layout_migration\\vendor\\laravel\\framework\\src\\Illuminate\\Container\\BoundMethod.php(29): call_user_func_array(Array, Array)
#4 C:\\wamp64\\www\\layout_migration\\vendor\\laravel\\framework\\src\\Illuminate\\Container\\BoundMethod.php(87): Illuminate\\Container\\BoundMethod::Illuminate\\Container\\{closure}()
#5 C:\\wamp64\\www\\layout_migration\\vendor\\laravel\\framework\\src\\Illuminate\\Container\\BoundMethod.php(31): Illuminate\\Container\\BoundMethod::callBoundMethod(Object(Illuminate\\Foundation\\Application), Array, Object(Closure))
#6 C:\\wamp64\\www\\layout_migration\\vendor\\laravel\\framework\\src\\Illuminate\\Container\\Container.php(572): Illuminate\\Container\\BoundMethod::call(Object(Illuminate\\Foundation\\Application), Array, Array, NULL)
#7 C:\\wamp64\\www\\layout_migration\\vendor\\laravel\\framework\\src\\Illuminate\\Console\\Command.php(183): Illuminate\\Container\\Container->call(Array)
#8 C:\\wamp64\\www\\layout_migration\\vendor\\symfony\\console\\Command\\Command.php(255): Illuminate\\Console\\Command->execute(Object(Symfony\\Component\\Console\\Input\\ArgvInput), Object(Illuminate\\Console\\OutputStyle))
#9 C:\\wamp64\\www\\layout_migration\\vendor\\laravel\\framework\\src\\Illuminate\\Console\\Command.php(170): Symfony\\Component\\Console\\Command\\Command->run(Object(Symfony\\Component\\Console\\Input\\ArgvInput), Object(Illuminate\\Console\\OutputStyle))
#10 C:\\wamp64\\www\\layout_migration\\vendor\\symfony\\console\\Application.php(886): Illuminate\\Console\\Command->run(Object(Symfony\\Component\\Console\\Input\\ArgvInput), Object(Symfony\\Component\\Console\\Output\\ConsoleOutput))
#11 C:\\wamp64\\www\\layout_migration\\vendor\\symfony\\console\\Application.php(262): Symfony\\Component\\Console\\Application->doRunCommand(Object(Themes\\bayan\\theme_commands\\insertApiArticles), Object(Symfony\\Component\\Console\\Input\\ArgvInput), Object(Symfony\\Component\\Console\\Output\\ConsoleOutput))
#12 C:\\wamp64\\www\\layout_migration\\vendor\\symfony\\console\\Application.php(145): Symfony\\Component\\Console\\Application->doRun(Object(Symfony\\Component\\Console\\Input\\ArgvInput), Object(Symfony\\Component\\Console\\Output\\ConsoleOutput))
#13 C:\\wamp64\\www\\layout_migration\\vendor\\laravel\\framework\\src\\Illuminate\\Console\\Application.php(89): Symfony\\Component\\Console\\Application->run(Object(Symfony\\Component\\Console\\Input\\ArgvInput), Object(Symfony\\Component\\Console\\Output\\ConsoleOutput))
#14 C:\\wamp64\\www\\layout_migration\\vendor\\laravel\\framework\\src\\Illuminate\\Foundation\\Console\\Kernel.php(122): Illuminate\\Console\\Application->run(Object(Symfony\\Component\\Console\\Input\\ArgvInput), Object(Symfony\\Component\\Console\\Output\\ConsoleOutput))
#15 C:\\wamp64\\www\\layout_migration\\artisan(37): Illuminate\\Foundation\\Console\\Kernel->handle(Object(Symfony\\Component\\Console\\Input\\ArgvInput), Object(Symfony\\Component\\Console\\Output\\ConsoleOutput))
#16 {main}
"} 
[2024-01-16 14:15:09] local.ERROR: Undefined index: publish_time {"exception":"[object] (ErrorException(code: 0): Undefined index: publish_time at C:\\wamp64\\www\\layout_migration\\Themes\\bayan\\controllers\\BayanController.php:40)
[stacktrace]
#0 C:\\wamp64\\www\\layout_migration\\Themes\\bayan\\controllers\\BayanController.php(40): Illuminate\\Foundation\\Bootstrap\\HandleExceptions->handleError(8, 'Undefined index...', 'C:\\\\wamp64\\\\www\\\\l...', 40, Array)
#1 C:\\wamp64\\www\\layout_migration\\Themes\\bayan\\theme_commands\\insertApiArticles.php(57): Themes\\bayan\\controllers\\BayanController::insertArticle('C:\\\\wamp64\\\\www\\\\l...')
#2 [internal function]: Themes\\bayan\\theme_commands\\insertApiArticles->handle()
#3 C:\\wamp64\\www\\layout_migration\\vendor\\laravel\\framework\\src\\Illuminate\\Container\\BoundMethod.php(29): call_user_func_array(Array, Array)
#4 C:\\wamp64\\www\\layout_migration\\vendor\\laravel\\framework\\src\\Illuminate\\Container\\BoundMethod.php(87): Illuminate\\Container\\BoundMethod::Illuminate\\Container\\{closure}()
#5 C:\\wamp64\\www\\layout_migration\\vendor\\laravel\\framework\\src\\Illuminate\\Container\\BoundMethod.php(31): Illuminate\\Container\\BoundMethod::callBoundMethod(Object(Illuminate\\Foundation\\Application), Array, Object(Closure))
#6 C:\\wamp64\\www\\layout_migration\\vendor\\laravel\\framework\\src\\Illuminate\\Container\\Container.php(572): Illuminate\\Container\\BoundMethod::call(Object(Illuminate\\Foundation\\Application), Array, Array, NULL)
#7 C:\\wamp64\\www\\layout_migration\\vendor\\laravel\\framework\\src\\Illuminate\\Console\\Command.php(183): Illuminate\\Container\\Container->call(Array)
#8 C:\\wamp64\\www\\layout_migration\\vendor\\symfony\\console\\Command\\Command.php(255): Illuminate\\Console\\Command->execute(Object(Symfony\\Component\\Console\\Input\\ArgvInput), Object(Illuminate\\Console\\OutputStyle))
#9 C:\\wamp64\\www\\layout_migration\\vendor\\laravel\\framework\\src\\Illuminate\\Console\\Command.php(170): Symfony\\Component\\Console\\Command\\Command->run(Object(Symfony\\Component\\Console\\Input\\ArgvInput), Object(Illuminate\\Console\\OutputStyle))
#10 C:\\wamp64\\www\\layout_migration\\vendor\\symfony\\console\\Application.php(886): Illuminate\\Console\\Command->run(Object(Symfony\\Component\\Console\\Input\\ArgvInput), Object(Symfony\\Component\\Console\\Output\\ConsoleOutput))
#11 C:\\wamp64\\www\\layout_migration\\vendor\\symfony\\console\\Application.php(262): Symfony\\Component\\Console\\Application->doRunCommand(Object(Themes\\bayan\\theme_commands\\insertApiArticles), Object(Symfony\\Component\\Console\\Input\\ArgvInput), Object(Symfony\\Component\\Console\\Output\\ConsoleOutput))
#12 C:\\wamp64\\www\\layout_migration\\vendor\\symfony\\console\\Application.php(145): Symfony\\Component\\Console\\Application->doRun(Object(Symfony\\Component\\Console\\Input\\ArgvInput), Object(Symfony\\Component\\Console\\Output\\ConsoleOutput))
#13 C:\\wamp64\\www\\layout_migration\\vendor\\laravel\\framework\\src\\Illuminate\\Console\\Application.php(89): Symfony\\Component\\Console\\Application->run(Object(Symfony\\Component\\Console\\Input\\ArgvInput), Object(Symfony\\Component\\Console\\Output\\ConsoleOutput))
#14 C:\\wamp64\\www\\layout_migration\\vendor\\laravel\\framework\\src\\Illuminate\\Foundation\\Console\\Kernel.php(122): Illuminate\\Console\\Application->run(Object(Symfony\\Component\\Console\\Input\\ArgvInput), Object(Symfony\\Component\\Console\\Output\\ConsoleOutput))
#15 C:\\wamp64\\www\\layout_migration\\artisan(37): Illuminate\\Foundation\\Console\\Kernel->handle(Object(Symfony\\Component\\Console\\Input\\ArgvInput), Object(Symfony\\Component\\Console\\Output\\ConsoleOutput))
#16 {main}
"} 
[2024-01-16 14:15:42] local.ERROR: Undefined index: publish_time {"exception":"[object] (ErrorException(code: 0): Undefined index: publish_time at C:\\wamp64\\www\\layout_migration\\Themes\\bayan\\controllers\\BayanController.php:40)
[stacktrace]
#0 C:\\wamp64\\www\\layout_migration\\Themes\\bayan\\controllers\\BayanController.php(40): Illuminate\\Foundation\\Bootstrap\\HandleExceptions->handleError(8, 'Undefined index...', 'C:\\\\wamp64\\\\www\\\\l...', 40, Array)
#1 C:\\wamp64\\www\\layout_migration\\Themes\\bayan\\theme_commands\\insertApiArticles.php(57): Themes\\bayan\\controllers\\BayanController::insertArticle('C:\\\\wamp64\\\\www\\\\l...')
#2 [internal function]: Themes\\bayan\\theme_commands\\insertApiArticles->handle()
#3 C:\\wamp64\\www\\layout_migration\\vendor\\laravel\\framework\\src\\Illuminate\\Container\\BoundMethod.php(29): call_user_func_array(Array, Array)
#4 C:\\wamp64\\www\\layout_migration\\vendor\\laravel\\framework\\src\\Illuminate\\Container\\BoundMethod.php(87): Illuminate\\Container\\BoundMethod::Illuminate\\Container\\{closure}()
#5 C:\\wamp64\\www\\layout_migration\\vendor\\laravel\\framework\\src\\Illuminate\\Container\\BoundMethod.php(31): Illuminate\\Container\\BoundMethod::callBoundMethod(Object(Illuminate\\Foundation\\Application), Array, Object(Closure))
#6 C:\\wamp64\\www\\layout_migration\\vendor\\laravel\\framework\\src\\Illuminate\\Container\\Container.php(572): Illuminate\\Container\\BoundMethod::call(Object(Illuminate\\Foundation\\Application), Array, Array, NULL)
#7 C:\\wamp64\\www\\layout_migration\\vendor\\laravel\\framework\\src\\Illuminate\\Console\\Command.php(183): Illuminate\\Container\\Container->call(Array)
#8 C:\\wamp64\\www\\layout_migration\\vendor\\symfony\\console\\Command\\Command.php(255): Illuminate\\Console\\Command->execute(Object(Symfony\\Component\\Console\\Input\\ArgvInput), Object(Illuminate\\Console\\OutputStyle))
#9 C:\\wamp64\\www\\layout_migration\\vendor\\laravel\\framework\\src\\Illuminate\\Console\\Command.php(170): Symfony\\Component\\Console\\Command\\Command->run(Object(Symfony\\Component\\Console\\Input\\ArgvInput), Object(Illuminate\\Console\\OutputStyle))
#10 C:\\wamp64\\www\\layout_migration\\vendor\\symfony\\console\\Application.php(886): Illuminate\\Console\\Command->run(Object(Symfony\\Component\\Console\\Input\\ArgvInput), Object(Symfony\\Component\\Console\\Output\\ConsoleOutput))
#11 C:\\wamp64\\www\\layout_migration\\vendor\\symfony\\console\\Application.php(262): Symfony\\Component\\Console\\Application->doRunCommand(Object(Themes\\bayan\\theme_commands\\insertApiArticles), Object(Symfony\\Component\\Console\\Input\\ArgvInput), Object(Symfony\\Component\\Console\\Output\\ConsoleOutput))
#12 C:\\wamp64\\www\\layout_migration\\vendor\\symfony\\console\\Application.php(145): Symfony\\Component\\Console\\Application->doRun(Object(Symfony\\Component\\Console\\Input\\ArgvInput), Object(Symfony\\Component\\Console\\Output\\ConsoleOutput))
#13 C:\\wamp64\\www\\layout_migration\\vendor\\laravel\\framework\\src\\Illuminate\\Console\\Application.php(89): Symfony\\Component\\Console\\Application->run(Object(Symfony\\Component\\Console\\Input\\ArgvInput), Object(Symfony\\Component\\Console\\Output\\ConsoleOutput))
#14 C:\\wamp64\\www\\layout_migration\\vendor\\laravel\\framework\\src\\Illuminate\\Foundation\\Console\\Kernel.php(122): Illuminate\\Console\\Application->run(Object(Symfony\\Component\\Console\\Input\\ArgvInput), Object(Symfony\\Component\\Console\\Output\\ConsoleOutput))
#15 C:\\wamp64\\www\\layout_migration\\artisan(37): Illuminate\\Foundation\\Console\\Kernel->handle(Object(Symfony\\Component\\Console\\Input\\ArgvInput), Object(Symfony\\Component\\Console\\Output\\ConsoleOutput))
#16 {main}
"} 
[2024-01-16 14:19:24] local.ERROR: Unknown or bad timezone (2023-10-01 09:36:11) {"exception":"[object] (InvalidArgumentException(code: 0): Unknown or bad timezone (2023-10-01 09:36:11) at C:\\wamp64\\www\\layout_migration\\vendor\
esbot\\carbon\\src\\Carbon\\Carbon.php:488)
[stacktrace]
#0 C:\\wamp64\\www\\layout_migration\\vendor\
esbot\\carbon\\src\\Carbon\\Carbon.php(1388): Carbon\\Carbon::safeCreateDateTimeZone('2023-10-01 09:3...')
#1 C:\\wamp64\\www\\layout_migration\\Themes\\bayan\\controllers\\BayanController.php(53): Carbon\\Carbon->setTimezone(Object(Carbon\\Carbon))
#2 C:\\wamp64\\www\\layout_migration\\Themes\\bayan\\theme_commands\\insertApiArticles.php(57): Themes\\bayan\\controllers\\BayanController::insertArticle('C:\\\\wamp64\\\\www\\\\l...')
#3 [internal function]: Themes\\bayan\\theme_commands\\insertApiArticles->handle()
#4 C:\\wamp64\\www\\layout_migration\\vendor\\laravel\\framework\\src\\Illuminate\\Container\\BoundMethod.php(29): call_user_func_array(Array, Array)
#5 C:\\wamp64\\www\\layout_migration\\vendor\\laravel\\framework\\src\\Illuminate\\Container\\BoundMethod.php(87): Illuminate\\Container\\BoundMethod::Illuminate\\Container\\{closure}()
#6 C:\\wamp64\\www\\layout_migration\\vendor\\laravel\\framework\\src\\Illuminate\\Container\\BoundMethod.php(31): Illuminate\\Container\\BoundMethod::callBoundMethod(Object(Illuminate\\Foundation\\Application), Array, Object(Closure))
#7 C:\\wamp64\\www\\layout_migration\\vendor\\laravel\\framework\\src\\Illuminate\\Container\\Container.php(572): Illuminate\\Container\\BoundMethod::call(Object(Illuminate\\Foundation\\Application), Array, Array, NULL)
#8 C:\\wamp64\\www\\layout_migration\\vendor\\laravel\\framework\\src\\Illuminate\\Console\\Command.php(183): Illuminate\\Container\\Container->call(Array)
#9 C:\\wamp64\\www\\layout_migration\\vendor\\symfony\\console\\Command\\Command.php(255): Illuminate\\Console\\Command->execute(Object(Symfony\\Component\\Console\\Input\\ArgvInput), Object(Illuminate\\Console\\OutputStyle))
#10 C:\\wamp64\\www\\layout_migration\\vendor\\laravel\\framework\\src\\Illuminate\\Console\\Command.php(170): Symfony\\Component\\Console\\Command\\Command->run(Object(Symfony\\Component\\Console\\Input\\ArgvInput), Object(Illuminate\\Console\\OutputStyle))
#11 C:\\wamp64\\www\\layout_migration\\vendor\\symfony\\console\\Application.php(886): Illuminate\\Console\\Command->run(Object(Symfony\\Component\\Console\\Input\\ArgvInput), Object(Symfony\\Component\\Console\\Output\\ConsoleOutput))
#12 C:\\wamp64\\www\\layout_migration\\vendor\\symfony\\console\\Application.php(262): Symfony\\Component\\Console\\Application->doRunCommand(Object(Themes\\bayan\\theme_commands\\insertApiArticles), Object(Symfony\\Component\\Console\\Input\\ArgvInput), Object(Symfony\\Component\\Console\\Output\\ConsoleOutput))
#13 C:\\wamp64\\www\\layout_migration\\vendor\\symfony\\console\\Application.php(145): Symfony\\Component\\Console\\Application->doRun(Object(Symfony\\Component\\Console\\Input\\ArgvInput), Object(Symfony\\Component\\Console\\Output\\ConsoleOutput))
#14 C:\\wamp64\\www\\layout_migration\\vendor\\laravel\\framework\\src\\Illuminate\\Console\\Application.php(89): Symfony\\Component\\Console\\Application->run(Object(Symfony\\Component\\Console\\Input\\ArgvInput), Object(Symfony\\Component\\Console\\Output\\ConsoleOutput))
#15 C:\\wamp64\\www\\layout_migration\\vendor\\laravel\\framework\\src\\Illuminate\\Foundation\\Console\\Kernel.php(122): Illuminate\\Console\\Application->run(Object(Symfony\\Component\\Console\\Input\\ArgvInput), Object(Symfony\\Component\\Console\\Output\\ConsoleOutput))
#16 C:\\wamp64\\www\\layout_migration\\artisan(37): Illuminate\\Foundation\\Console\\Kernel->handle(Object(Symfony\\Component\\Console\\Input\\ArgvInput), Object(Symfony\\Component\\Console\\Output\\ConsoleOutput))
#17 {main}
"} 
[2024-01-16 14:21:45] local.ERROR: Undefined index: article_headline {"exception":"[object] (ErrorException(code: 0): Undefined index: article_headline at C:\\wamp64\\www\\layout_migration\\Themes\\bayan\\controllers\\BayanController.php:129)
[stacktrace]
#0 C:\\wamp64\\www\\layout_migration\\Themes\\bayan\\controllers\\BayanController.php(129): Illuminate\\Foundation\\Bootstrap\\HandleExceptions->handleError(8, 'Undefined index...', 'C:\\\\wamp64\\\\www\\\\l...', 129, Array)
#1 C:\\wamp64\\www\\layout_migration\\Themes\\bayan\\theme_commands\\insertApiArticles.php(57): Themes\\bayan\\controllers\\BayanController::insertArticle('C:\\\\wamp64\\\\www\\\\l...')
#2 [internal function]: Themes\\bayan\\theme_commands\\insertApiArticles->handle()
#3 C:\\wamp64\\www\\layout_migration\\vendor\\laravel\\framework\\src\\Illuminate\\Container\\BoundMethod.php(29): call_user_func_array(Array, Array)
#4 C:\\wamp64\\www\\layout_migration\\vendor\\laravel\\framework\\src\\Illuminate\\Container\\BoundMethod.php(87): Illuminate\\Container\\BoundMethod::Illuminate\\Container\\{closure}()
#5 C:\\wamp64\\www\\layout_migration\\vendor\\laravel\\framework\\src\\Illuminate\\Container\\BoundMethod.php(31): Illuminate\\Container\\BoundMethod::callBoundMethod(Object(Illuminate\\Foundation\\Application), Array, Object(Closure))
#6 C:\\wamp64\\www\\layout_migration\\vendor\\laravel\\framework\\src\\Illuminate\\Container\\Container.php(572): Illuminate\\Container\\BoundMethod::call(Object(Illuminate\\Foundation\\Application), Array, Array, NULL)
#7 C:\\wamp64\\www\\layout_migration\\vendor\\laravel\\framework\\src\\Illuminate\\Console\\Command.php(183): Illuminate\\Container\\Container->call(Array)
#8 C:\\wamp64\\www\\layout_migration\\vendor\\symfony\\console\\Command\\Command.php(255): Illuminate\\Console\\Command->execute(Object(Symfony\\Component\\Console\\Input\\ArgvInput), Object(Illuminate\\Console\\OutputStyle))
#9 C:\\wamp64\\www\\layout_migration\\vendor\\laravel\\framework\\src\\Illuminate\\Console\\Command.php(170): Symfony\\Component\\Console\\Command\\Command->run(Object(Symfony\\Component\\Console\\Input\\ArgvInput), Object(Illuminate\\Console\\OutputStyle))
#10 C:\\wamp64\\www\\layout_migration\\vendor\\symfony\\console\\Application.php(886): Illuminate\\Console\\Command->run(Object(Symfony\\Component\\Console\\Input\\ArgvInput), Object(Symfony\\Component\\Console\\Output\\ConsoleOutput))
#11 C:\\wamp64\\www\\layout_migration\\vendor\\symfony\\console\\Application.php(262): Symfony\\Component\\Console\\Application->doRunCommand(Object(Themes\\bayan\\theme_commands\\insertApiArticles), Object(Symfony\\Component\\Console\\Input\\ArgvInput), Object(Symfony\\Component\\Console\\Output\\ConsoleOutput))
#12 C:\\wamp64\\www\\layout_migration\\vendor\\symfony\\console\\Application.php(145): Symfony\\Component\\Console\\Application->doRun(Object(Symfony\\Component\\Console\\Input\\ArgvInput), Object(Symfony\\Component\\Console\\Output\\ConsoleOutput))
#13 C:\\wamp64\\www\\layout_migration\\vendor\\laravel\\framework\\src\\Illuminate\\Console\\Application.php(89): Symfony\\Component\\Console\\Application->run(Object(Symfony\\Component\\Console\\Input\\ArgvInput), Object(Symfony\\Component\\Console\\Output\\ConsoleOutput))
#14 C:\\wamp64\\www\\layout_migration\\vendor\\laravel\\framework\\src\\Illuminate\\Foundation\\Console\\Kernel.php(122): Illuminate\\Console\\Application->run(Object(Symfony\\Component\\Console\\Input\\ArgvInput), Object(Symfony\\Component\\Console\\Output\\ConsoleOutput))
#15 C:\\wamp64\\www\\layout_migration\\artisan(37): Illuminate\\Foundation\\Console\\Kernel->handle(Object(Symfony\\Component\\Console\\Input\\ArgvInput), Object(Symfony\\Component\\Console\\Output\\ConsoleOutput))
#16 {main}
"} 
[2024-01-16 16:53:23] local.ERROR: Undefined index: titlef {"exception":"[object] (ErrorException(code: 0): Undefined index: titlef at C:\\wamp64\\www\\layout_migration\\Themes\\bayan\\controllers\\BayanController.php:177)
[stacktrace]
#0 C:\\wamp64\\www\\layout_migration\\Themes\\bayan\\controllers\\BayanController.php(177): Illuminate\\Foundation\\Bootstrap\\HandleExceptions->handleError(8, 'Undefined index...', 'C:\\\\wamp64\\\\www\\\\l...', 177, Array)
#1 C:\\wamp64\\www\\layout_migration\\Themes\\bayan\\theme_commands\\insertApiArticles.php(57): Themes\\bayan\\controllers\\BayanController::insertArticle('C:\\\\wamp64\\\\www\\\\l...')
#2 [internal function]: Themes\\bayan\\theme_commands\\insertApiArticles->handle()
#3 C:\\wamp64\\www\\layout_migration\\vendor\\laravel\\framework\\src\\Illuminate\\Container\\BoundMethod.php(29): call_user_func_array(Array, Array)
#4 C:\\wamp64\\www\\layout_migration\\vendor\\laravel\\framework\\src\\Illuminate\\Container\\BoundMethod.php(87): Illuminate\\Container\\BoundMethod::Illuminate\\Container\\{closure}()
#5 C:\\wamp64\\www\\layout_migration\\vendor\\laravel\\framework\\src\\Illuminate\\Container\\BoundMethod.php(31): Illuminate\\Container\\BoundMethod::callBoundMethod(Object(Illuminate\\Foundation\\Application), Array, Object(Closure))
#6 C:\\wamp64\\www\\layout_migration\\vendor\\laravel\\framework\\src\\Illuminate\\Container\\Container.php(572): Illuminate\\Container\\BoundMethod::call(Object(Illuminate\\Foundation\\Application), Array, Array, NULL)
#7 C:\\wamp64\\www\\layout_migration\\vendor\\laravel\\framework\\src\\Illuminate\\Console\\Command.php(183): Illuminate\\Container\\Container->call(Array)
#8 C:\\wamp64\\www\\layout_migration\\vendor\\symfony\\console\\Command\\Command.php(255): Illuminate\\Console\\Command->execute(Object(Symfony\\Component\\Console\\Input\\ArgvInput), Object(Illuminate\\Console\\OutputStyle))
#9 C:\\wamp64\\www\\layout_migration\\vendor\\laravel\\framework\\src\\Illuminate\\Console\\Command.php(170): Symfony\\Component\\Console\\Command\\Command->run(Object(Symfony\\Component\\Console\\Input\\ArgvInput), Object(Illuminate\\Console\\OutputStyle))
#10 C:\\wamp64\\www\\layout_migration\\vendor\\symfony\\console\\Application.php(886): Illuminate\\Console\\Command->run(Object(Symfony\\Component\\Console\\Input\\ArgvInput), Object(Symfony\\Component\\Console\\Output\\ConsoleOutput))
#11 C:\\wamp64\\www\\layout_migration\\vendor\\symfony\\console\\Application.php(262): Symfony\\Component\\Console\\Application->doRunCommand(Object(Themes\\bayan\\theme_commands\\insertApiArticles), Object(Symfony\\Component\\Console\\Input\\ArgvInput), Object(Symfony\\Component\\Console\\Output\\ConsoleOutput))
#12 C:\\wamp64\\www\\layout_migration\\vendor\\symfony\\console\\Application.php(145): Symfony\\Component\\Console\\Application->doRun(Object(Symfony\\Component\\Console\\Input\\ArgvInput), Object(Symfony\\Component\\Console\\Output\\ConsoleOutput))
#13 C:\\wamp64\\www\\layout_migration\\vendor\\laravel\\framework\\src\\Illuminate\\Console\\Application.php(89): Symfony\\Component\\Console\\Application->run(Object(Symfony\\Component\\Console\\Input\\ArgvInput), Object(Symfony\\Component\\Console\\Output\\ConsoleOutput))
#14 C:\\wamp64\\www\\layout_migration\\vendor\\laravel\\framework\\src\\Illuminate\\Foundation\\Console\\Kernel.php(122): Illuminate\\Console\\Application->run(Object(Symfony\\Component\\Console\\Input\\ArgvInput), Object(Symfony\\Component\\Console\\Output\\ConsoleOutput))
#15 C:\\wamp64\\www\\layout_migration\\artisan(37): Illuminate\\Foundation\\Console\\Kernel->handle(Object(Symfony\\Component\\Console\\Input\\ArgvInput), Object(Symfony\\Component\\Console\\Output\\ConsoleOutput))
#16 {main}
"} 
