[2024-09-27 10:12:30] local.ERROR: Invalid numeric literal {"exception":"[object] (Symfony\\Component\\Debug\\Exception\\FatalThrowableError(code: 0): Invalid numeric literal at /var/www/html/layout_migration/albayan_migration/Themes/bayan/theme_commands/insertApiArticles.php:65)
[stacktrace]
#0 /var/www/html/layout_migration/albayan_migration/vendor/composer/ClassLoader.php(322): Composer\\Autoload\\includeFile('/var/www/html/l...')
#1 [internal function]: Composer\\Autoload\\ClassLoader->loadClass('Themes\\\\bayan\\\\th...')
#2 [internal function]: spl_autoload_call('Themes\\\\bayan\\\\th...')
#3 /var/www/html/layout_migration/albayan_migration/vendor/laravel/framework/src/Illuminate/Foundation/Console/Kernel.php(225): is_subclass_of('Themes\\\\bayan\\\\th...', 'Illuminate\\\\Cons...')
#4 /var/www/html/layout_migration/albayan_migration/app/Console/Kernel.php(38): Illuminate\\Foundation\\Console\\Kernel->load(Array)
#5 /var/www/html/layout_migration/albayan_migration/vendor/laravel/framework/src/Illuminate/Foundation/Console/Kernel.php(310): App\\Console\\Kernel->commands()
#6 /var/www/html/layout_migration/albayan_migration/vendor/laravel/framework/src/Illuminate/Foundation/Console/Kernel.php(120): Illuminate\\Foundation\\Console\\Kernel->bootstrap()
#7 /var/www/html/layout_migration/albayan_migration/artisan(37): Illuminate\\Foundation\\Console\\Kernel->handle(Object(Symfony\\Component\\Console\\Input\\ArgvInput), Object(Symfony\\Component\\Console\\Output\\ConsoleOutput))
#8 {main}
"} 
[2024-09-27 10:13:21] local.ERROR: Invalid numeric literal {"exception":"[object] (Symfony\\Component\\Debug\\Exception\\FatalThrowableError(code: 0): Invalid numeric literal at /var/www/html/layout_migration/albayan_migration/Themes/bayan/theme_commands/insertApiArticles.php:65)
[stacktrace]
#0 /var/www/html/layout_migration/albayan_migration/vendor/composer/ClassLoader.php(322): Composer\\Autoload\\includeFile('/var/www/html/l...')
#1 [internal function]: Composer\\Autoload\\ClassLoader->loadClass('Themes\\\\bayan\\\\th...')
#2 [internal function]: spl_autoload_call('Themes\\\\bayan\\\\th...')
#3 /var/www/html/layout_migration/albayan_migration/vendor/laravel/framework/src/Illuminate/Foundation/Console/Kernel.php(225): is_subclass_of('Themes\\\\bayan\\\\th...', 'Illuminate\\\\Cons...')
#4 /var/www/html/layout_migration/albayan_migration/app/Console/Kernel.php(38): Illuminate\\Foundation\\Console\\Kernel->load(Array)
#5 /var/www/html/layout_migration/albayan_migration/vendor/laravel/framework/src/Illuminate/Foundation/Console/Kernel.php(310): App\\Console\\Kernel->commands()
#6 /var/www/html/layout_migration/albayan_migration/vendor/laravel/framework/src/Illuminate/Foundation/Console/Kernel.php(120): Illuminate\\Foundation\\Console\\Kernel->bootstrap()
#7 /var/www/html/layout_migration/albayan_migration/artisan(37): Illuminate\\Foundation\\Console\\Kernel->handle(Object(Symfony\\Component\\Console\\Input\\ArgvInput), Object(Symfony\\Component\\Console\\Output\\ConsoleOutput))
#8 {main}
"} 
[2024-09-27 10:13:59] local.ERROR: syntax error, unexpected 'if' (T_IF) {"exception":"[object] (Symfony\\Component\\Debug\\Exception\\FatalThrowableError(code: 0): syntax error, unexpected 'if' (T_IF) at /var/www/html/layout_migration/albayan_migration/Themes/bayan/theme_commands/insertApiArticles.php:64)
[stacktrace]
#0 /var/www/html/layout_migration/albayan_migration/vendor/composer/ClassLoader.php(322): Composer\\Autoload\\includeFile('/var/www/html/l...')
#1 [internal function]: Composer\\Autoload\\ClassLoader->loadClass('Themes\\\\bayan\\\\th...')
#2 [internal function]: spl_autoload_call('Themes\\\\bayan\\\\th...')
#3 /var/www/html/layout_migration/albayan_migration/vendor/laravel/framework/src/Illuminate/Foundation/Console/Kernel.php(225): is_subclass_of('Themes\\\\bayan\\\\th...', 'Illuminate\\\\Cons...')
#4 /var/www/html/layout_migration/albayan_migration/app/Console/Kernel.php(38): Illuminate\\Foundation\\Console\\Kernel->load(Array)
#5 /var/www/html/layout_migration/albayan_migration/vendor/laravel/framework/src/Illuminate/Foundation/Console/Kernel.php(310): App\\Console\\Kernel->commands()
#6 /var/www/html/layout_migration/albayan_migration/vendor/laravel/framework/src/Illuminate/Foundation/Console/Kernel.php(120): Illuminate\\Foundation\\Console\\Kernel->bootstrap()
#7 /var/www/html/layout_migration/albayan_migration/artisan(37): Illuminate\\Foundation\\Console\\Kernel->handle(Object(Symfony\\Component\\Console\\Input\\ArgvInput), Object(Symfony\\Component\\Console\\Output\\ConsoleOutput))
#8 {main}
"} 
[2024-09-27 10:14:12] local.ERROR: Invalid numeric literal {"exception":"[object] (Symfony\\Component\\Debug\\Exception\\FatalThrowableError(code: 0): Invalid numeric literal at /var/www/html/layout_migration/albayan_migration/Themes/bayan/theme_commands/insertApiArticles.php:65)
[stacktrace]
#0 /var/www/html/layout_migration/albayan_migration/vendor/composer/ClassLoader.php(322): Composer\\Autoload\\includeFile('/var/www/html/l...')
#1 [internal function]: Composer\\Autoload\\ClassLoader->loadClass('Themes\\\\bayan\\\\th...')
#2 [internal function]: spl_autoload_call('Themes\\\\bayan\\\\th...')
#3 /var/www/html/layout_migration/albayan_migration/vendor/laravel/framework/src/Illuminate/Foundation/Console/Kernel.php(225): is_subclass_of('Themes\\\\bayan\\\\th...', 'Illuminate\\\\Cons...')
#4 /var/www/html/layout_migration/albayan_migration/app/Console/Kernel.php(38): Illuminate\\Foundation\\Console\\Kernel->load(Array)
#5 /var/www/html/layout_migration/albayan_migration/vendor/laravel/framework/src/Illuminate/Foundation/Console/Kernel.php(310): App\\Console\\Kernel->commands()
#6 /var/www/html/layout_migration/albayan_migration/vendor/laravel/framework/src/Illuminate/Foundation/Console/Kernel.php(120): Illuminate\\Foundation\\Console\\Kernel->bootstrap()
#7 /var/www/html/layout_migration/albayan_migration/artisan(37): Illuminate\\Foundation\\Console\\Kernel->handle(Object(Symfony\\Component\\Console\\Input\\ArgvInput), Object(Symfony\\Component\\Console\\Output\\ConsoleOutput))
#8 {main}
"} 
[2024-09-27 10:15:29] local.ERROR: Invalid numeric literal {"exception":"[object] (Symfony\\Component\\Debug\\Exception\\FatalThrowableError(code: 0): Invalid numeric literal at /var/www/html/layout_migration/albayan_migration/Themes/bayan/theme_commands/insertApiArticles.php:65)
[stacktrace]
#0 /var/www/html/layout_migration/albayan_migration/vendor/composer/ClassLoader.php(322): Composer\\Autoload\\includeFile('/var/www/html/l...')
#1 [internal function]: Composer\\Autoload\\ClassLoader->loadClass('Themes\\\\bayan\\\\th...')
#2 [internal function]: spl_autoload_call('Themes\\\\bayan\\\\th...')
#3 /var/www/html/layout_migration/albayan_migration/vendor/laravel/framework/src/Illuminate/Foundation/Console/Kernel.php(225): is_subclass_of('Themes\\\\bayan\\\\th...', 'Illuminate\\\\Cons...')
#4 /var/www/html/layout_migration/albayan_migration/app/Console/Kernel.php(38): Illuminate\\Foundation\\Console\\Kernel->load(Array)
#5 /var/www/html/layout_migration/albayan_migration/vendor/laravel/framework/src/Illuminate/Foundation/Console/Kernel.php(310): App\\Console\\Kernel->commands()
#6 /var/www/html/layout_migration/albayan_migration/vendor/laravel/framework/src/Illuminate/Foundation/Console/Kernel.php(120): Illuminate\\Foundation\\Console\\Kernel->bootstrap()
#7 /var/www/html/layout_migration/albayan_migration/artisan(37): Illuminate\\Foundation\\Console\\Kernel->handle(Object(Symfony\\Component\\Console\\Input\\ArgvInput), Object(Symfony\\Component\\Console\\Output\\ConsoleOutput))
#8 {main}
"} 
[2024-09-27 10:17:56] local.ERROR: Invalid numeric literal {"exception":"[object] (Symfony\\Component\\Debug\\Exception\\FatalThrowableError(code: 0): Invalid numeric literal at /var/www/html/layout_migration/albayan_migration/Themes/bayan/theme_commands/insertApiArticles.php:64)
[stacktrace]
#0 /var/www/html/layout_migration/albayan_migration/vendor/composer/ClassLoader.php(322): Composer\\Autoload\\includeFile('/var/www/html/l...')
#1 [internal function]: Composer\\Autoload\\ClassLoader->loadClass('Themes\\\\bayan\\\\th...')
#2 [internal function]: spl_autoload_call('Themes\\\\bayan\\\\th...')
#3 /var/www/html/layout_migration/albayan_migration/vendor/laravel/framework/src/Illuminate/Foundation/Console/Kernel.php(225): is_subclass_of('Themes\\\\bayan\\\\th...', 'Illuminate\\\\Cons...')
#4 /var/www/html/layout_migration/albayan_migration/app/Console/Kernel.php(38): Illuminate\\Foundation\\Console\\Kernel->load(Array)
#5 /var/www/html/layout_migration/albayan_migration/vendor/laravel/framework/src/Illuminate/Foundation/Console/Kernel.php(310): App\\Console\\Kernel->commands()
#6 /var/www/html/layout_migration/albayan_migration/vendor/laravel/framework/src/Illuminate/Foundation/Console/Kernel.php(120): Illuminate\\Foundation\\Console\\Kernel->bootstrap()
#7 /var/www/html/layout_migration/albayan_migration/artisan(37): Illuminate\\Foundation\\Console\\Kernel->handle(Object(Symfony\\Component\\Console\\Input\\ArgvInput), Object(Symfony\\Component\\Console\\Output\\ConsoleOutput))
#8 {main}
"} 
[2024-09-27 10:20:33] local.ERROR: Invalid numeric literal {"exception":"[object] (Symfony\\Component\\Debug\\Exception\\FatalThrowableError(code: 0): Invalid numeric literal at /var/www/html/layout_migration/albayan_migration/Themes/bayan/theme_commands/insertApiArticles.php:65)
[stacktrace]
#0 /var/www/html/layout_migration/albayan_migration/vendor/composer/ClassLoader.php(322): Composer\\Autoload\\includeFile('/var/www/html/l...')
#1 [internal function]: Composer\\Autoload\\ClassLoader->loadClass('Themes\\\\bayan\\\\th...')
#2 [internal function]: spl_autoload_call('Themes\\\\bayan\\\\th...')
#3 /var/www/html/layout_migration/albayan_migration/vendor/laravel/framework/src/Illuminate/Foundation/Console/Kernel.php(225): is_subclass_of('Themes\\\\bayan\\\\th...', 'Illuminate\\\\Cons...')
#4 /var/www/html/layout_migration/albayan_migration/app/Console/Kernel.php(38): Illuminate\\Foundation\\Console\\Kernel->load(Array)
#5 /var/www/html/layout_migration/albayan_migration/vendor/laravel/framework/src/Illuminate/Foundation/Console/Kernel.php(310): App\\Console\\Kernel->commands()
#6 /var/www/html/layout_migration/albayan_migration/vendor/laravel/framework/src/Illuminate/Foundation/Console/Kernel.php(120): Illuminate\\Foundation\\Console\\Kernel->bootstrap()
#7 /var/www/html/layout_migration/albayan_migration/artisan(37): Illuminate\\Foundation\\Console\\Kernel->handle(Object(Symfony\\Component\\Console\\Input\\ArgvInput), Object(Symfony\\Component\\Console\\Output\\ConsoleOutput))
#8 {main}
"} 
[2024-09-27 10:27:48] local.ERROR: syntax error, unexpected ')' {"exception":"[object] (Symfony\\Component\\Debug\\Exception\\FatalThrowableError(code: 0): syntax error, unexpected ')' at /var/www/html/layout_migration/albayan_migration/Themes/bayan/theme_commands/insertApiArticles.php:62)
[stacktrace]
#0 /var/www/html/layout_migration/albayan_migration/vendor/composer/ClassLoader.php(322): Composer\\Autoload\\includeFile('/var/www/html/l...')
#1 [internal function]: Composer\\Autoload\\ClassLoader->loadClass('Themes\\\\bayan\\\\th...')
#2 [internal function]: spl_autoload_call('Themes\\\\bayan\\\\th...')
#3 /var/www/html/layout_migration/albayan_migration/vendor/laravel/framework/src/Illuminate/Foundation/Console/Kernel.php(225): is_subclass_of('Themes\\\\bayan\\\\th...', 'Illuminate\\\\Cons...')
#4 /var/www/html/layout_migration/albayan_migration/app/Console/Kernel.php(38): Illuminate\\Foundation\\Console\\Kernel->load(Array)
#5 /var/www/html/layout_migration/albayan_migration/vendor/laravel/framework/src/Illuminate/Foundation/Console/Kernel.php(310): App\\Console\\Kernel->commands()
#6 /var/www/html/layout_migration/albayan_migration/vendor/laravel/framework/src/Illuminate/Foundation/Console/Kernel.php(120): Illuminate\\Foundation\\Console\\Kernel->bootstrap()
#7 /var/www/html/layout_migration/albayan_migration/artisan(37): Illuminate\\Foundation\\Console\\Kernel->handle(Object(Symfony\\Component\\Console\\Input\\ArgvInput), Object(Symfony\\Component\\Console\\Output\\ConsoleOutput))
#8 {main}
"} 
[2024-09-27 10:28:02] local.ERROR: syntax error, unexpected 'if' (T_IF) {"exception":"[object] (Symfony\\Component\\Debug\\Exception\\FatalThrowableError(code: 0): syntax error, unexpected 'if' (T_IF) at /var/www/html/layout_migration/albayan_migration/Themes/bayan/theme_commands/insertApiArticles.php:63)
[stacktrace]
#0 /var/www/html/layout_migration/albayan_migration/vendor/composer/ClassLoader.php(322): Composer\\Autoload\\includeFile('/var/www/html/l...')
#1 [internal function]: Composer\\Autoload\\ClassLoader->loadClass('Themes\\\\bayan\\\\th...')
#2 [internal function]: spl_autoload_call('Themes\\\\bayan\\\\th...')
#3 /var/www/html/layout_migration/albayan_migration/vendor/laravel/framework/src/Illuminate/Foundation/Console/Kernel.php(225): is_subclass_of('Themes\\\\bayan\\\\th...', 'Illuminate\\\\Cons...')
#4 /var/www/html/layout_migration/albayan_migration/app/Console/Kernel.php(38): Illuminate\\Foundation\\Console\\Kernel->load(Array)
#5 /var/www/html/layout_migration/albayan_migration/vendor/laravel/framework/src/Illuminate/Foundation/Console/Kernel.php(310): App\\Console\\Kernel->commands()
#6 /var/www/html/layout_migration/albayan_migration/vendor/laravel/framework/src/Illuminate/Foundation/Console/Kernel.php(120): Illuminate\\Foundation\\Console\\Kernel->bootstrap()
#7 /var/www/html/layout_migration/albayan_migration/artisan(37): Illuminate\\Foundation\\Console\\Kernel->handle(Object(Symfony\\Component\\Console\\Input\\ArgvInput), Object(Symfony\\Component\\Console\\Output\\ConsoleOutput))
#8 {main}
"} 
