[2025-05-05 16:46:35] local.ERROR: SQLSTATE[42S22]: Column not found: 1054 Unknown column 'ams_order' in 'field list' (SQL: insert into `article_multi_section_archive` (`ams_article_id`, `section_name`, `sub_section_name`, `ams_order`) values (1, اقتصاد, محلي, 1)) {"exception":"[object] (Illuminate\\Database\\QueryException(code: 42S22): SQLSTATE[42S22]: Column not found: 1054 Unknown column 'ams_order' in 'field list' (SQL: insert into `article_multi_section_archive` (`ams_article_id`, `section_name`, `sub_section_name`, `ams_order`) values (1, اقتصاد, محلي, 1)) at /var/www/html/emaratalyoum_migration/vendor/laravel/framework/src/Illuminate/Database/Connection.php:664, Doctrine\\DBAL\\Driver\\PDOException(code: 42S22): SQLSTATE[42S22]: Column not found: 1054 Unknown column 'ams_order' in 'field list' at /var/www/html/emaratalyoum_migration/vendor/doctrine/dbal/lib/Doctrine/DBAL/Driver/PDOConnection.php:82, PDOException(code: 42S22): SQLSTATE[42S22]: Column not found: 1054 Unknown column 'ams_order' in 'field list' at /var/www/html/emaratalyoum_migration/vendor/doctrine/dbal/lib/Doctrine/DBAL/Driver/PDOConnection.php:80)
[stacktrace]
#0 /var/www/html/emaratalyoum_migration/vendor/laravel/framework/src/Illuminate/Database/Connection.php(624): Illuminate\\Database\\Connection->runQueryCallback('insert into `ar...', Array, Object(Closure))
#1 /var/www/html/emaratalyoum_migration/vendor/laravel/framework/src/Illuminate/Database/Connection.php(459): Illuminate\\Database\\Connection->run('insert into `ar...', Array, Object(Closure))
#2 /var/www/html/emaratalyoum_migration/vendor/laravel/framework/src/Illuminate/Database/Connection.php(411): Illuminate\\Database\\Connection->statement('insert into `ar...', Array)
#3 /var/www/html/emaratalyoum_migration/vendor/laravel/framework/src/Illuminate/Database/Query/Builder.php(2541): Illuminate\\Database\\Connection->insert('insert into `ar...', Array)
#4 /var/www/html/emaratalyoum_migration/vendor/laravel/framework/src/Illuminate/Database/Eloquent/Builder.php(1318): Illuminate\\Database\\Query\\Builder->insert(Array)
#5 /var/www/html/emaratalyoum_migration/vendor/laravel/framework/src/Illuminate/Support/Traits/ForwardsCalls.php(23): Illuminate\\Database\\Eloquent\\Builder->__call('insert', Array)
#6 /var/www/html/emaratalyoum_migration/vendor/laravel/framework/src/Illuminate/Database/Eloquent/Model.php(1608): Illuminate\\Database\\Eloquent\\Model->forwardCallTo(Object(Illuminate\\Database\\Eloquent\\Builder), 'insert', Array)
#7 /var/www/html/emaratalyoum_migration/vendor/laravel/framework/src/Illuminate/Database/Eloquent/Model.php(1620): Illuminate\\Database\\Eloquent\\Model->__call('insert', Array)
#8 /var/www/html/emaratalyoum_migration/Themes/bayan/controllers/BayanController.php(225): Illuminate\\Database\\Eloquent\\Model::__callStatic('insert', Array)
#9 /var/www/html/emaratalyoum_migration/Themes/bayan/theme_commands/insertApiArticles.php(76): Themes\\bayan\\controllers\\BayanController::insertArticle('/home/arajendra...')
#10 [internal function]: Themes\\bayan\\theme_commands\\insertApiArticles->handle()
#11 /var/www/html/emaratalyoum_migration/vendor/laravel/framework/src/Illuminate/Container/BoundMethod.php(29): call_user_func_array(Array, Array)
#12 /var/www/html/emaratalyoum_migration/vendor/laravel/framework/src/Illuminate/Container/BoundMethod.php(87): Illuminate\\Container\\BoundMethod::Illuminate\\Container\\{closure}()
#13 /var/www/html/emaratalyoum_migration/vendor/laravel/framework/src/Illuminate/Container/BoundMethod.php(31): Illuminate\\Container\\BoundMethod::callBoundMethod(Object(Illuminate\\Foundation\\Application), Array, Object(Closure))
#14 /var/www/html/emaratalyoum_migration/vendor/laravel/framework/src/Illuminate/Container/Container.php(572): Illuminate\\Container\\BoundMethod::call(Object(Illuminate\\Foundation\\Application), Array, Array, NULL)
#15 /var/www/html/emaratalyoum_migration/vendor/laravel/framework/src/Illuminate/Console/Command.php(183): Illuminate\\Container\\Container->call(Array)
#16 /var/www/html/emaratalyoum_migration/vendor/symfony/console/Command/Command.php(255): Illuminate\\Console\\Command->execute(Object(Symfony\\Component\\Console\\Input\\ArgvInput), Object(Illuminate\\Console\\OutputStyle))
#17 /var/www/html/emaratalyoum_migration/vendor/laravel/framework/src/Illuminate/Console/Command.php(170): Symfony\\Component\\Console\\Command\\Command->run(Object(Symfony\\Component\\Console\\Input\\ArgvInput), Object(Illuminate\\Console\\OutputStyle))
#18 /var/www/html/emaratalyoum_migration/vendor/symfony/console/Application.php(886): Illuminate\\Console\\Command->run(Object(Symfony\\Component\\Console\\Input\\ArgvInput), Object(Symfony\\Component\\Console\\Output\\ConsoleOutput))
#19 /var/www/html/emaratalyoum_migration/vendor/symfony/console/Application.php(262): Symfony\\Component\\Console\\Application->doRunCommand(Object(Themes\\bayan\\theme_commands\\insertApiArticles), Object(Symfony\\Component\\Console\\Input\\ArgvInput), Object(Symfony\\Component\\Console\\Output\\ConsoleOutput))
#20 /var/www/html/emaratalyoum_migration/vendor/symfony/console/Application.php(145): Symfony\\Component\\Console\\Application->doRun(Object(Symfony\\Component\\Console\\Input\\ArgvInput), Object(Symfony\\Component\\Console\\Output\\ConsoleOutput))
#21 /var/www/html/emaratalyoum_migration/vendor/laravel/framework/src/Illuminate/Console/Application.php(89): Symfony\\Component\\Console\\Application->run(Object(Symfony\\Component\\Console\\Input\\ArgvInput), Object(Symfony\\Component\\Console\\Output\\ConsoleOutput))
#22 /var/www/html/emaratalyoum_migration/vendor/laravel/framework/src/Illuminate/Foundation/Console/Kernel.php(122): Illuminate\\Console\\Application->run(Object(Symfony\\Component\\Console\\Input\\ArgvInput), Object(Symfony\\Component\\Console\\Output\\ConsoleOutput))
#23 /var/www/html/emaratalyoum_migration/artisan(37): Illuminate\\Foundation\\Console\\Kernel->handle(Object(Symfony\\Component\\Console\\Input\\ArgvInput), Object(Symfony\\Component\\Console\\Output\\ConsoleOutput))
#24 {main}
"} 
